[31m================================================================================REQUIRED process [master] has died!
process has died [pid 75, exit code -15, cmd rosmaster --core -p 11311 -w 3 __log:=/root/.ros/log/1341ef64-731e-11f1-b296-ead242f98013/master.log].
log file: /root/.ros/log/1341ef64-731e-11f1-b296-ead242f98013/master*.log
Initiating shutdown!
================================================================================[0m
... logging to /root/.ros/log/1341ef64-731e-11f1-b296-ead242f98013/roslaunch-8d4a1467ef25-66.log
Checking log directory for disk usage. This may take a while.
Press Ctrl-C to interrupt
Done checking log file disk usage. Usage is <1GB.
]2;roscore
[1mstarted roslaunch server http://8d4a1467ef25:42463/[0m
ros_comm version 1.17.4


SUMMARY
========

PARAMETERS
 * /rosdistro: noetic
 * /rosversion: 1.17.4

NODES

auto-starting new master
[1mprocess[master]: started with pid [75][0m
[1mROS_MASTER_URI=http://8d4a1467ef25:11311/[0m
]2;roscore http://8d4a1467ef25:11311/
[1msetting /run_id to 1341ef64-731e-11f1-b296-ead242f98013[0m
[1mprocess[rosout-1]: started with pid [85][0m
started core service [/rosout]
[rosout-1] killing on exit
[master] killing on exit
shutting down processing monitor...
... shutting down processing monitor complete
[1mdone[0m
